2014-03-26 13:08:52,221 install.py[line:95] ERROR 'str' object has no attribute 'read'
2014-03-26 13:34:03,167 install.py[line:96] ERROR 'str' object has no attribute 'read'
2014-03-26 13:35:44,567 install.py[line:96] ERROR 'str' object has no attribute 'read'
2014-03-26 14:11:02,625 install.py[line:97] ERROR 'str' object has no attribute 'read'
2014-03-26 14:20:57,030 install.py[line:97] ERROR 'str' object has no attribute 'read'
2014-03-26 14:22:50,199 install.py[line:96] ERROR No JSON object could be decoded
2014-03-26 14:23:54,073 install.py[line:95] ERROR No JSON object could be decoded
2014-03-26 14:24:31,237 install.py[line:95] ERROR 'unicode' object has no attribute 'trip'
2014-03-26 14:26:33,508 install.py[line:96] ERROR 'str' object has no attribute 'trip'
2014-03-26 14:27:16,051 install.py[line:83] INFO dsadsa
2014-03-26 14:27:16,052 install.py[line:96] ERROR global name 'incluster' is not defined
2014-03-26 14:38:45,701 install.py[line:95] ERROR global name 'incluster' is not defined
2014-03-26 14:55:35,002 install.py[line:94] ERROR global name 'incluster' is not defined
2014-03-26 14:57:40,745 install.py[line:90] INFO add success
2014-03-26 15:19:34,068 install.py[line:90] INFO add success
2014-03-26 15:20:18,023 install.py[line:90] INFO add success
2014-03-26 15:20:39,555 install.py[line:90] INFO add success
2014-03-26 15:20:41,317 install.py[line:120] ERROR global name 'readhosts' is not defined
2014-03-26 16:18:44,803 install.py[line:92] INFO add success
2014-03-26 16:18:46,612 install.py[line:122] ERROR global name 'readhosts' is not defined
2014-03-26 17:39:55,158 install.py[line:126] ERROR this constructor takes no arguments
2014-03-26 17:44:04,404 install.py[line:126] ERROR this constructor takes no arguments
2014-03-26 17:45:22,051 install.py[line:127] ERROR this constructor takes no arguments
2014-03-26 17:51:51,680 install.py[line:127] ERROR global name 'runshcommand' is not defined
2014-03-26 17:53:29,698 install.py[line:127] ERROR global name 'hosts' is not defined
2014-03-26 17:54:34,811 install.py[line:122] INFO [['']]
2014-03-26 17:54:53,304 install.py[line:122] INFO [['192.168.1.2', 'jeanlyn'], ['192.168.1.3', 'tsw'], ['192.168.1.4', 'zhangyubiao']]
2014-03-26 18:01:29,913 install.py[line:122] INFO [['192.168.1.2', 'jeanlyn'], ['192.168.1.3', 'tsw'], ['192.168.1.4', 'zhangyubiao'], ['192', 'ddasds']]
2014-03-27 10:32:01,410 install.py[line:240] ERROR 
2014-03-27 10:39:04,601 install.py[line:240] ERROR global name 'get_secure_cookie' is not defined
2014-03-27 10:40:36,544 install.py[line:262] ERROR 
2014-03-27 10:40:38,528 install.py[line:262] ERROR 
2014-03-27 10:43:41,718 install.py[line:260] ERROR global name 'HadoopConf' is not defined
2014-03-27 10:44:55,972 install.py[line:260] ERROR global name 'HadoopConf' is not defined
2014-03-27 10:45:04,154 install.py[line:260] ERROR global name 'HadoopConf' is not defined
2014-03-27 10:45:05,948 install.py[line:260] ERROR global name 'HadoopConf' is not defined
2014-03-27 13:44:30,767 install.py[line:266] ERROR not well-formed (invalid token): line 1, column 1
2014-03-27 15:19:59,825 install.py[line:273] ERROR local variable 'packetsp' referenced before assignment
